kotlin version: 2.1.21
error message: java.lang.IllegalStateException: IrSimpleFunctionSymbolImpl is already bound. Signature: /callKotlinMethod|callKotlinMethod(kotlin.Int;kotlin.Any?;kotlin.Any?;kotlin.Any?;kotlin.Any?;kotlin.Any?;kotlin.Any?){}[0]. Owner: FUN name:callKotlinMethod visibility:public modality:FINAL <> (methodId:kotlin.Int, arg0:kotlin.Any?, arg1:kotlin.Any?, arg2:kotlin.Any?, arg3:kotlin.Any?, arg4:kotlin.Any?, arg5:kotlin.Any?) returnType:kotlin.Unit
	at org.jetbrains.kotlin.ir.symbols.impl.IrSymbolBase.bind(IrSymbolImpl.kt:68)
	at org.jetbrains.kotlin.ir.declarations.impl.IrFunctionImpl.<init>(IrFunctionImpl.kt:68)
	at org.jetbrains.kotlin.ir.declarations.IrFactory.createSimpleFunction(IrFactory.kt:202)
	at org.jetbrains.kotlin.ir.declarations.IrFactory.createSimpleFunction$default(IrFactory.kt:183)
	at org.jetbrains.kotlin.backend.common.serialization.IrDeclarationDeserializer.deserializeIrFunction$lambda$47$lambda$44(IrDeclarationDeserializer.kt:578)
	at org.jetbrains.kotlin.ir.util.SymbolTable.declareSimpleFunction(SymbolTable.kt:874)
	at org.jetbrains.kotlin.backend.common.serialization.IrDeclarationDeserializer.deserializeIrFunction$ir_serialization_common(IrDeclarationDeserializer.kt:575)
	at org.jetbrains.kotlin.backend.common.serialization.IrDeclarationDeserializer.deserializeDeclaration(IrDeclarationDeserializer.kt:802)
	at org.jetbrains.kotlin.backend.common.serialization.IrDeclarationDeserializer.deserializeDeclaration$default(IrDeclarationDeserializer.kt:796)
	at org.jetbrains.kotlin.backend.common.serialization.IrFileDeserializer.deserializeDeclaration(IrFileDeserializer.kt:44)
	at org.jetbrains.kotlin.backend.common.serialization.FileDeserializationState.deserializeAllFileReachableTopLevel(IrFileDeserializer.kt:174)
	at org.jetbrains.kotlin.backend.common.serialization.BasicIrModuleDeserializer$ModuleDeserializationState.deserializeReachableDeclarations(BasicIrModuleDeserializer.kt:218)
	at org.jetbrains.kotlin.backend.common.serialization.BasicIrModuleDeserializer.deserializeReachableDeclarations(BasicIrModuleDeserializer.kt:153)
	at org.jetbrains.kotlin.backend.common.serialization.KotlinIrLinker.deserializeAllReachableTopLevels(KotlinIrLinker.kt:127)
	at org.jetbrains.kotlin.backend.common.serialization.KotlinIrLinker.findDeserializedDeclarationForSymbol(KotlinIrLinker.kt:138)
	at org.jetbrains.kotlin.backend.common.serialization.KotlinIrLinker.deserializeOrResolveDeclaration(KotlinIrLinker.kt:157)
	at org.jetbrains.kotlin.backend.common.serialization.KotlinIrLinker.getDeclaration(KotlinIrLinker.kt:146)
	at org.jetbrains.kotlin.ir.util.ExternalDependenciesGenerator.generateUnboundSymbolsAsDependencies(ExternalDependenciesGenerator.kt:39)
	at org.jetbrains.kotlin.ir.backend.js.ic.LoadedJsIr.loadUnboundSymbols(JsIrLinkerLoader.kt:79)
	at org.jetbrains.kotlin.ir.backend.js.ic.JsIrLinkerLoader.loadIr(JsIrLinkerLoader.kt:246)
	at org.jetbrains.kotlin.ir.backend.js.ic.JsIrLinkerLoader.loadIr$default(JsIrLinkerLoader.kt:187)
	at org.jetbrains.kotlin.ir.backend.js.ic.CacheUpdater.loadIrForDirtyFilesAndInitCompiler(CacheUpdater.kt:748)
	at org.jetbrains.kotlin.ir.backend.js.ic.CacheUpdater.loadIrAndMakeIrFragmentGenerators(CacheUpdater.kt:812)
	at org.jetbrains.kotlin.ir.backend.js.ic.CacheUpdater.actualizeCaches(CacheUpdater.kt:848)
	at org.jetbrains.kotlin.cli.js.IcCachesKt.prepareIcCaches(IcCaches.kt:118)
	at org.jetbrains.kotlin.cli.pipeline.web.WebBackendPipelinePhase.executePhase(WebBackendPipelinePhase.kt:69)
	at org.jetbrains.kotlin.cli.pipeline.web.WebBackendPipelinePhase.executePhase(WebBackendPipelinePhase.kt:30)
	at org.jetbrains.kotlin.cli.pipeline.PipelinePhase.phaseBody(PipelinePhase.kt:68)
	at org.jetbrains.kotlin.cli.pipeline.PipelinePhase.phaseBody(PipelinePhase.kt:58)
	at org.jetbrains.kotlin.config.phaser.SimpleNamedCompilerPhase.phaseBody(CompilerPhase.kt:215)
	at org.jetbrains.kotlin.config.phaser.NamedCompilerPhase.invoke(CompilerPhase.kt:111)
	at org.jetbrains.kotlin.backend.common.phaser.CompositePhase.invoke(PhaseBuilders.kt:28)
	at org.jetbrains.kotlin.config.phaser.CompilerPhaseKt.invokeToplevel(CompilerPhase.kt:62)
	at org.jetbrains.kotlin.cli.pipeline.AbstractCliPipeline.runPhasedPipeline(AbstractCliPipeline.kt:106)
	at org.jetbrains.kotlin.cli.pipeline.AbstractCliPipeline.execute(AbstractCliPipeline.kt:65)
	at org.jetbrains.kotlin.cli.js.K2JSCompiler.doExecutePhased(K2JSCompiler.kt:63)
	at org.jetbrains.kotlin.cli.js.K2JSCompiler.doExecutePhased(K2JSCompiler.kt:49)
	at org.jetbrains.kotlin.cli.common.CLICompiler.execImpl(CLICompiler.kt:80)
	at org.jetbrains.kotlin.cli.common.CLICompiler.exec(CLICompiler.kt:337)
	at org.jetbrains.kotlin.daemon.CompileServiceImpl.compile(CompileServiceImpl.kt:1700)
	at java.base/jdk.internal.reflect.DirectMethodHandleAccessor.invoke(Unknown Source)
	at java.base/java.lang.reflect.Method.invoke(Unknown Source)
	at java.rmi/sun.rmi.server.UnicastServerRef.dispatch(Unknown Source)
	at java.rmi/sun.rmi.transport.Transport$1.run(Unknown Source)
	at java.rmi/sun.rmi.transport.Transport$1.run(Unknown Source)
	at java.base/java.security.AccessController.doPrivileged(Unknown Source)
	at java.rmi/sun.rmi.transport.Transport.serviceCall(Unknown Source)
	at java.rmi/sun.rmi.transport.tcp.TCPTransport.handleMessages(Unknown Source)
	at java.rmi/sun.rmi.transport.tcp.TCPTransport$ConnectionHandler.run0(Unknown Source)
	at java.rmi/sun.rmi.transport.tcp.TCPTransport$ConnectionHandler.lambda$run$0(Unknown Source)
	at java.base/java.security.AccessController.doPrivileged(Unknown Source)
	at java.rmi/sun.rmi.transport.tcp.TCPTransport$ConnectionHandler.run(Unknown Source)
	at java.base/java.util.concurrent.ThreadPoolExecutor.runWorker(Unknown Source)
	at java.base/java.util.concurrent.ThreadPoolExecutor$Worker.run(Unknown Source)
	at java.base/java.lang.Thread.run(Unknown Source)


